Arguments: 
  C:\Program Files\nodejs\node.exe C:\Program Files (x86)\Yarn\bin\yarn.js add -D typescript

PATH: 
  C:\Users\djpoi\bin;C:\Program Files\Cmder\bin;C:\Program Files\Cmder\vendor\bin;C:\Program Files\Git\bin;C:\Program Files\Cmder\vendor\git-for-windows\mingw64\bin;C:\Program Files\Cmder\vendor\git-for-windows\usr\local\bin;C:\Program Files\Cmder\vendor\git-for-windows\usr\bin;C:\Program Files\Cmder\vendor\git-for-windows\usr\bin;C:\Program Files\Cmder\vendor\git-for-windows\mingw64\bin;C:\Program Files\Cmder\vendor\git-for-windows\usr\bin;C:\Users\djpoi\bin;C:\Program Files\Cmder\vendor\conemu-maximus5\ConEmu\Scripts;C:\Program Files\Cmder\vendor\conemu-maximus5;C:\Program Files\Cmder\vendor\conemu-maximus5\ConEmu;C:\Users\djpoi\AppData\Roaming\Python\Python38;C:\Users\djpoi\AppData\Roaming\Python\Python38\Scripts;C:\Program Files (x86)\Common Files\Oracle\Java\javapath;C:\Program Files\Ruby24-x64\bin;C:\ProgramData\Oracle\Java\javapath;C:\Program Files (x86)\Common Files\Intel\Shared Libraries\redist\intel64\compiler;C:\Program Files (x86)\Intel\iCLS Client;C:\Program Files\Intel\iCLS Client;C:\Windows\system32;C:\Windows;C:\Windows\System32\Wbem;C:\Windows\System32\WindowsPowerShell\v1.0;C:\Program Files (x86)\Intel\Intel(R) Management Engine Components\DAL;C:\Program Files\Intel\Intel(R) Management Engine Components\DAL;C:\Program Files (x86)\Intel\Intel(R) Management Engine Components\IPT;C:\Program Files\Intel\Intel(R) Management Engine Components\IPT;C:\Program Files (x86)\NVIDIA Corporation\PhysX\Common;C:\Program Files\PuTTY;C:\Program Files (x86)\WinSCP;C:\Users\djpoi\AppData\Local\Microsoft\WindowsApps;C:\adb;C:\WINDOWS\system32;C:\WINDOWS;C:\WINDOWS\System32\Wbem;C:\WINDOWS\System32\WindowsPowerShell\v1.0;C:\Program Files\dotnet;C:\WINDOWS\System32\OpenSSH;C:\Program Files\Git\cmd;C:\Program Files\Microsoft VS Code\bin;M:\Apps\MiniWebServer;C:\Program Files\Redis;C:\Program Files\NVIDIA Corporation\NVIDIA NvDLISR;C:\Program Files\ffmpeg\bin;C:\Program Files (x86)\Yarn\bin;C:\Program Files\nodejs;C:\ProgramData\chocolatey\bin;C:\Program Files\Amazon\AWSCLIV2;C:\ProgramData\ComposerSetup\bin;C:\Program Files\php-7.4.4\composer\vendor\bin;C:\WINDOWS\system32;C:\WINDOWS;C:\WINDOWS\System32\Wbem;C:\WINDOWS\System32\WindowsPowerShell\v1.0;C:\WINDOWS\System32\OpenSSH;C:\Program Files\Docker\Docker\resources\bin;C:\ProgramData\DockerDesktop\version-bin;C:\Users\djpoi\AppData\Roaming\Python\Python38;C:\Users\djpoi\AppData\Roaming\Python\Python38\Scripts;C:\Users\djpoi\.windows-build-tools\python27;C:\Program Files\Ruby24-x64\bin;C:\Users\djpoi\AppData\Local\Microsoft\WindowsApps;D:\Development\Go\bin;C:\Program Files\Microsoft VS Code\bin;C:\Users\djpoi\AppData\Local\GitHubDesktop\bin;C:\SysGCC\esp8266\bin;D:\Development\Arduino\References\Arduino as USB to TTL\stm32flash-0.5-win64;C:\Users\djpoi\AppData\Local\Microsoft\WindowsApps;C:\Users\djpoi\AppData\Local\Yarn\bin;C:\Users\djpoi\AppData\Roaming\npm;C:\Program Files\php-7.4.4;C:\Users\djpoi\AppData\Roaming\Composer\vendor\bin;C:\Users\djpoi\AppData\Local\Programs\Azure Data Studio\bin;C:\Program Files\Cmder;C:\Program Files\Cmder\vendor\git-for-windows\usr\bin\vendor_perl;C:\Program Files\Cmder\vendor\git-for-windows\usr\bin\core_perl

Yarn version: 
  1.22.4

Node version: 
  12.16.1

Platform: 
  win32 x64

Trace: 
  SyntaxError: D:\Development\ina219\package.json: Unexpected token } in JSON at position 251
      at JSON.parse (<anonymous>)
      at C:\Program Files (x86)\Yarn\lib\cli.js:1625:59
      at Generator.next (<anonymous>)
      at step (C:\Program Files (x86)\Yarn\lib\cli.js:310:30)
      at C:\Program Files (x86)\Yarn\lib\cli.js:321:13

npm manifest: 
  {
    "name": "ina219",
    "version": "0.0.1",
    "description": "NodeJS port of the DFRobot INA219 (SEN0291) IIC Digital Wattmeter",
    "main": "src/index.ts",
    "repository": {
      "type": "git",
      "url": "git+https://github.com/dJPoida/ina219.git",
    },
    "author": "dJPoida <djpoida@gmail.com>",
    "license": "MIT",
    "private": false,
    "homepage": "https://github.com/dJPoida/ina219#readme",
    "keywords": ["ina219", "wattmeter", "dfrobot", "sensor", "sen0291", "node", "nodejs", "typescript"]
  }

yarn manifest: 
  No manifest

Lockfile: 
  No lockfile
